{
  "uuid": "07138a05-0199-4754-86fe-1cd77b604035",
  "historyId": "a54f4c15c19a5eb470cc14de61dbf3a7",
  "fullName": "TestClass.Pages_TC.T01_SignUp.testRegisterNewUser",
  "labels": [
    {
      "name": "package",
      "value": "TestClass.Pages_TC.T01_SignUp"
    },
    {
      "name": "testClass",
      "value": "TestClass.Pages_TC.T01_SignUp"
    },
    {
      "name": "testMethod",
      "value": "testRegisterNewUser"
    },
    {
      "name": "parentSuite",
      "value": "Default Suite"
    },
    {
      "name": "suite",
      "value": "testing.xml"
    },
    {
      "name": "subSuite",
      "value": "TestClass.Pages_TC.T01_SignUp"
    },
    {
      "name": "host",
      "value": "Mohamed-Nasser.local"
    },
    {
      "name": "thread",
      "value": "8393@Mohamed-Nasser.local.main(1)"
    },
    {
      "name": "framework",
      "value": "testng"
    },
    {
      "name": "language",
      "value": "java"
    },
    {
      "name": "owner",
      "value": "Mohamed Nasser"
    },
    {
      "name": "feature",
      "value": "Register Page"
    },
    {
      "name": "severity",
      "value": "critical"
    }
  ],
  "links": [
    {
      "name": "https://www.automationexercise.com/signup",
      "type": "custom"
    }
  ],
  "name": "testRegisterNewUser",
  "status": "broken",
  "statusDetails": {
    "known": false,
    "muted": false,
    "flaky": false,
    "message": "Failed to click Signup and Login button: Error occurred while clicking on element: By.xpath: //a[text() = ' Signup / Login']",
    "trace": "java.lang.RuntimeException: Failed to click Signup and Login button: Error occurred while clicking on element: By.xpath: //a[text() = ' Signup / Login']\n\tat Pages.P05_HomePage.clickSignupAndLoginButton(P05_HomePage.java:45)\n\tat TestClass.Pages_TC.T01_SignUp.testRegisterNewUser(T01_SignUp.java:32)\n\tat java.base/jdk.internal.reflect.DirectMethodHandleAccessor.invoke(DirectMethodHandleAccessor.java:103)\n\tat java.base/java.lang.reflect.Method.invoke(Method.java:580)\n\tat org.testng.internal.invokers.MethodInvocationHelper.invokeMethod(MethodInvocationHelper.java:141)\n\tat org.testng.internal.invokers.TestInvoker.invokeMethod(TestInvoker.java:686)\n\tat org.testng.internal.invokers.TestInvoker.invokeTestMethod(TestInvoker.java:230)\n\tat org.testng.internal.invokers.MethodRunner.runInSequence(MethodRunner.java:63)\n\tat org.testng.internal.invokers.TestInvoker$MethodInvocationAgent.invoke(TestInvoker.java:992)\n\tat org.testng.internal.invokers.TestInvoker.invokeTestMethods(TestInvoker.java:203)\n\tat org.testng.internal.invokers.TestMethodWorker.invokeTestMethods(TestMethodWorker.java:154)\n\tat org.testng.internal.invokers.TestMethodWorker.run(TestMethodWorker.java:134)\n\tat java.base/java.util.ArrayList.forEach(ArrayList.java:1597)\n\tat org.testng.TestRunner.privateRun(TestRunner.java:739)\n\tat org.testng.TestRunner.run(TestRunner.java:614)\n\tat org.testng.SuiteRunner.runTest(SuiteRunner.java:421)\n\tat org.testng.SuiteRunner.runSequentially(SuiteRunner.java:413)\n\tat org.testng.SuiteRunner.privateRun(SuiteRunner.java:373)\n\tat org.testng.SuiteRunner.run(SuiteRunner.java:312)\n\tat org.testng.SuiteRunnerWorker.runSuite(SuiteRunnerWorker.java:52)\n\tat org.testng.SuiteRunnerWorker.run(SuiteRunnerWorker.java:95)\n\tat org.testng.TestNG.runSuitesSequentially(TestNG.java:1274)\n\tat org.testng.TestNG.runSuitesLocally(TestNG.java:1208)\n\tat org.testng.TestNG.runSuites(TestNG.java:1112)\n\tat org.testng.TestNG.run(TestNG.java:1079)\n\tat com.intellij.rt.testng.IDEARemoteTestNG.run(IDEARemoteTestNG.java:65)\n\tat com.intellij.rt.testng.RemoteTestNGStarter.main(RemoteTestNGStarter.java:105)\nCaused by: java.lang.RuntimeException: Error occurred while clicking on element: By.xpath: //a[text() = ' Signup / Login']\n\tat Utilities.Actions.ElementsActions.clickElementByLocator(ElementsActions.java:43)\n\tat Pages.P05_HomePage.clickSignupAndLoginButton(P05_HomePage.java:37)\n\t... 26 more\nCaused by: org.openqa.selenium.NoSuchWindowException: no such window: target window already closed\nfrom unknown error: web view not found\n  (Session info: chrome=131.0.6778.265)\nBuild info: version: '4.27.0', revision: 'd6e718d134'\nSystem info: os.name: 'Mac OS X', os.arch: 'aarch64', os.version: '15.2', java.version: '23.0.1'\nDriver info: org.openqa.selenium.chrome.ChromeDriver\nCommand: [ad0a8e86e97743a74855f9d36d19df8f, findElement {using=xpath, value=//a[text() = ' Signup / Login']}]\nCapabilities {acceptInsecureCerts: false, browserName: chrome, browserVersion: 131.0.6778.265, chrome: {chromedriverVersion: 131.0.6778.264 (2d05e315153..., userDataDir: /var/folders/jb/n_f4rrt90lz...}, fedcm:accounts: true, goog:chromeOptions: {debuggerAddress: localhost:52694}, networkConnectionEnabled: false, pageLoadStrategy: normal, platformName: mac, proxy: Proxy(), se:cdp: ws://localhost:52694/devtoo..., se:cdpVersion: 131.0.6778.265, setWindowRect: true, strictFileInteractability: false, timeouts: {implicit: 0, pageLoad: 300000, script: 30000}, unhandledPromptBehavior: dismiss and notify, webauthn:extension:credBlob: true, webauthn:extension:largeBlob: true, webauthn:extension:minPinLength: true, webauthn:extension:prf: true, webauthn:virtualAuthenticators: true}\nSession ID: ad0a8e86e97743a74855f9d36d19df8f\n\tat java.base/jdk.internal.reflect.DirectConstructorHandleAccessor.newInstance(DirectConstructorHandleAccessor.java:62)\n\tat java.base/java.lang.reflect.Constructor.newInstanceWithCaller(Constructor.java:501)\n\tat java.base/java.lang.reflect.Constructor.newInstance(Constructor.java:485)\n\tat org.openqa.selenium.remote.ErrorCodec.decode(ErrorCodec.java:167)\n\tat org.openqa.selenium.remote.codec.w3c.W3CHttpResponseCodec.decode(W3CHttpResponseCodec.java:138)\n\tat org.openqa.selenium.remote.codec.w3c.W3CHttpResponseCodec.decode(W3CHttpResponseCodec.java:50)\n\tat org.openqa.selenium.remote.HttpCommandExecutor.execute(HttpCommandExecutor.java:190)\n\tat org.openqa.selenium.remote.service.DriverCommandExecutor.invokeExecute(DriverCommandExecutor.java:216)\n\tat org.openqa.selenium.remote.service.DriverCommandExecutor.execute(DriverCommandExecutor.java:174)\n\tat org.openqa.selenium.remote.RemoteWebDriver.execute(RemoteWebDriver.java:545)\n\tat org.openqa.selenium.remote.ElementLocation$ElementFinder$2.findElement(ElementLocation.java:165)\n\tat org.openqa.selenium.remote.ElementLocation.findElement(ElementLocation.java:59)\n\tat org.openqa.selenium.remote.RemoteWebDriver.findElement(RemoteWebDriver.java:368)\n\tat org.openqa.selenium.remote.RemoteWebDriver.findElement(RemoteWebDriver.java:362)\n\tat Utilities.Actions.ElementsActions.lambda$clickElementByLocator$0(ElementsActions.java:25)\n\tat org.openqa.selenium.support.ui.FluentWait.until(FluentWait.java:203)\n\tat Utilities.Actions.ElementsActions.clickElementByLocator(ElementsActions.java:24)\n\t... 27 more\n"
  },
  "stage": "finished",
  "description": "Register With New User",
  "steps": [
    {
      "name": "Error occurred while clicking on element: By.xpath: //a[text() = ' Signup / Login']",
      "status": "passed",
      "stage": "finished",
      "steps": [],
      "attachments": [],
      "parameters": [],
      "start": 1736899535415,
      "stop": 1736899535415
    },
    {
      "name": "Failed to click Signup and Login button: Error occurred while clicking on element: By.xpath: //a[text() = ' Signup / Login']",
      "status": "passed",
      "stage": "finished",
      "steps": [],
      "attachments": [],
      "parameters": [],
      "start": 1736899535415,
      "stop": 1736899535415
    }
  ],
  "attachments": [],
  "parameters": [],
  "start": 1736899530238,
  "stop": 1736899535418
}
