{"uuid":"09376f46-3718-4261-ade6-a5b81a743344","historyId":"506c30ce0a9851086074e6c3d1422622","fullName":"TestBase.Browser.browser","labels":[{"name":"package","value":"Pages_TC.T02_Login"},{"name":"testClass","value":"Pages_TC.T02_Login"},{"name":"testMethod","value":"browser"},{"name":"parentSuite","value":"Default Suite"},{"name":"suite","value":"ProjectSourceLocation.java"},{"name":"subSuite","value":"Pages_TC.T02_Login"},{"name":"host","value":"Mohamed-Nasser.local"},{"name":"thread","value":"2118@Mohamed-Nasser.local.main(1)"},{"name":"framework","value":"testng"},{"name":"language","value":"java"},{"name":"epic","value":"Automation Exercise"},{"name":"feature","value":"Login Page"},{"name":"AS_ID","value":"-1"}],"links":[],"name":"browser","status":"broken","statusDetails":{"known":false,"muted":false,"flaky":false,"message":"java.lang.ExceptionInInitializerError","trace":"java.lang.ExceptionInInitializerError\n\tat Utilities.Browser.<clinit>(Browser.java:13)\n\tat TestBase.Browser.browser(Browser.java:19)\n\tat java.base/jdk.internal.reflect.DirectMethodHandleAccessor.invoke(DirectMethodHandleAccessor.java:103)\n\tat java.base/java.lang.reflect.Method.invoke(Method.java:580)\n\tat org.testng.internal.invokers.MethodInvocationHelper.invokeMethod(MethodInvocationHelper.java:141)\n\tat org.testng.internal.invokers.MethodInvocationHelper.invokeMethodConsideringTimeout(MethodInvocationHelper.java:71)\n\tat org.testng.internal.invokers.ConfigInvoker.invokeConfigurationMethod(ConfigInvoker.java:400)\n\tat org.testng.internal.invokers.ConfigInvoker.invokeConfigurations(ConfigInvoker.java:333)\n\tat org.testng.internal.invokers.TestMethodWorker.invokeBeforeClassMethods(TestMethodWorker.java:188)\n\tat org.testng.internal.invokers.TestMethodWorker.run(TestMethodWorker.java:128)\n\tat java.base/java.util.ArrayList.forEach(ArrayList.java:1597)\n\tat org.testng.TestRunner.privateRun(TestRunner.java:739)\n\tat org.testng.TestRunner.run(TestRunner.java:614)\n\tat org.testng.SuiteRunner.runTest(SuiteRunner.java:421)\n\tat org.testng.SuiteRunner.runSequentially(SuiteRunner.java:413)\n\tat org.testng.SuiteRunner.privateRun(SuiteRunner.java:373)\n\tat org.testng.SuiteRunner.run(SuiteRunner.java:312)\n\tat org.testng.SuiteRunnerWorker.runSuite(SuiteRunnerWorker.java:52)\n\tat org.testng.SuiteRunnerWorker.run(SuiteRunnerWorker.java:95)\n\tat org.testng.TestNG.runSuitesSequentially(TestNG.java:1274)\n\tat org.testng.TestNG.runSuitesLocally(TestNG.java:1208)\n\tat org.testng.TestNG.runSuites(TestNG.java:1112)\n\tat org.testng.TestNG.run(TestNG.java:1079)\n\tat com.intellij.rt.testng.IDEARemoteTestNG.run(IDEARemoteTestNG.java:65)\n\tat com.intellij.rt.testng.RemoteTestNGStarter.main(RemoteTestNGStarter.java:105)\nCaused by: java.lang.RuntimeException: Error loading browser properties\n\tat Data.BrowserLink.<clinit>(BrowserLink.java:22)\n\t... 25 more\nCaused by: java.io.IOException: Error loading browser properties from file: src/test/java/DataForTest/Browser.properties\n\tat Data.BrowserLink.loadBrowserProperties(BrowserLink.java:38)\n\tat Data.BrowserLink.<clinit>(BrowserLink.java:19)\n\t... 25 more\nCaused by: java.io.FileNotFoundException: src/test/java/DataForTest/Browser.properties (No such file or directory)\n\tat java.base/java.io.FileInputStream.open0(Native Method)\n\tat java.base/java.io.FileInputStream.open(FileInputStream.java:219)\n\tat java.base/java.io.FileInputStream.<init>(FileInputStream.java:159)\n\tat java.base/java.io.FileInputStream.<init>(FileInputStream.java:112)\n\tat Data.BrowserLink.loadBrowserProperties(BrowserLink.java:29)\n\t... 26 more\n"},"stage":"finished","steps":[],"attachments":[],"parameters":[],"start":1735920793380,"stop":1735920793381}