{"uuid":"1c5c1b0d-04ee-49f1-8416-988112f0b909","name":"Pages_TC.T02_Login","children":["09376f46-3718-4261-ade6-a5b81a743344","9b2a3771-d0a9-469d-baa4-44c599aac22e"],"befores":[{"name":"browser","status":"broken","statusDetails":{"known":false,"muted":false,"flaky":false,"message":"java.lang.ExceptionInInitializerError","trace":"java.lang.ExceptionInInitializerError\n\tat Utilities.Browser.<clinit>(Browser.java:13)\n\tat TestBase.Browser.browser(Browser.java:19)\n\tat java.base/jdk.internal.reflect.DirectMethodHandleAccessor.invoke(DirectMethodHandleAccessor.java:103)\n\tat java.base/java.lang.reflect.Method.invoke(Method.java:580)\n\tat org.testng.internal.invokers.MethodInvocationHelper.invokeMethod(MethodInvocationHelper.java:141)\n\tat org.testng.internal.invokers.MethodInvocationHelper.invokeMethodConsideringTimeout(MethodInvocationHelper.java:71)\n\tat org.testng.internal.invokers.ConfigInvoker.invokeConfigurationMethod(ConfigInvoker.java:400)\n\tat org.testng.internal.invokers.ConfigInvoker.invokeConfigurations(ConfigInvoker.java:333)\n\tat org.testng.internal.invokers.TestMethodWorker.invokeBeforeClassMethods(TestMethodWorker.java:188)\n\tat org.testng.internal.invokers.TestMethodWorker.run(TestMethodWorker.java:128)\n\tat java.base/java.util.ArrayList.forEach(ArrayList.java:1597)\n\tat org.testng.TestRunner.privateRun(TestRunner.java:739)\n\tat org.testng.TestRunner.run(TestRunner.java:614)\n\tat org.testng.SuiteRunner.runTest(SuiteRunner.java:421)\n\tat org.testng.SuiteRunner.runSequentially(SuiteRunner.java:413)\n\tat org.testng.SuiteRunner.privateRun(SuiteRunner.java:373)\n\tat org.testng.SuiteRunner.run(SuiteRunner.java:312)\n\tat org.testng.SuiteRunnerWorker.runSuite(SuiteRunnerWorker.java:52)\n\tat org.testng.SuiteRunnerWorker.run(SuiteRunnerWorker.java:95)\n\tat org.testng.TestNG.runSuitesSequentially(TestNG.java:1274)\n\tat org.testng.TestNG.runSuitesLocally(TestNG.java:1208)\n\tat org.testng.TestNG.runSuites(TestNG.java:1112)\n\tat org.testng.TestNG.run(TestNG.java:1079)\n\tat com.intellij.rt.testng.IDEARemoteTestNG.run(IDEARemoteTestNG.java:65)\n\tat com.intellij.rt.testng.RemoteTestNGStarter.main(RemoteTestNGStarter.java:105)\nCaused by: java.lang.RuntimeException: Error loading browser properties\n\tat Data.BrowserLink.<clinit>(BrowserLink.java:22)\n\t... 25 more\nCaused by: java.io.IOException: Error loading browser properties from file: src/test/java/DataForTest/Browser.properties\n\tat Data.BrowserLink.loadBrowserProperties(BrowserLink.java:38)\n\tat Data.BrowserLink.<clinit>(BrowserLink.java:19)\n\t... 25 more\nCaused by: java.io.FileNotFoundException: src/test/java/DataForTest/Browser.properties (No such file or directory)\n\tat java.base/java.io.FileInputStream.open0(Native Method)\n\tat java.base/java.io.FileInputStream.open(FileInputStream.java:219)\n\tat java.base/java.io.FileInputStream.<init>(FileInputStream.java:159)\n\tat java.base/java.io.FileInputStream.<init>(FileInputStream.java:112)\n\tat Data.BrowserLink.loadBrowserProperties(BrowserLink.java:29)\n\t... 26 more\n"},"stage":"finished","description":"","steps":[{"name":"Error loading browser properties from file: src/test/java/DataForTest/Browser.properties","status":"passed","stage":"finished","steps":[],"attachments":[],"parameters":[],"start":1735920793358,"stop":1735920793359}],"attachments":[],"parameters":[],"start":1735920793344,"stop":1735920793361}],"afters":[{"name":"quit","status":"broken","stage":"finished","description":"","steps":[],"attachments":[],"parameters":[],"start":1735920793443,"stop":1735920793443}],"start":1735920793330,"stop":1735920793445}