{"uuid":"1f6f82dd-bd16-4b83-af4e-4e3f2b07c03f","name":"EndToEndTest.E2ETest","children":["fadf9628-97c0-46d2-b8c4-0a8438d247fb","fed6e805-2682-4bfd-b774-18260598af85","9b596bfb-f831-4b62-b2a7-10ee86fbfe10","ce061fe1-6c61-48af-afde-1decca5ece73","54d5a356-d8fd-4314-ac7f-bbbd93f5f5f3","71d32875-44ed-4125-b8f1-19c25300805c","7708da56-d05e-492c-8cd2-d368d3971c8a","5d018032-dc3e-45c8-a5bb-3582f1830590"],"befores":[{"name":"browser","status":"broken","statusDetails":{"known":false,"muted":false,"flaky":false,"message":"java.lang.ExceptionInInitializerError","trace":"java.lang.ExceptionInInitializerError\r\n\tat Utilities.Browser.<clinit>(Browser.java:13)\r\n\tat TestBase.Browser.browser(Browser.java:19)\r\n\tat java.base/jdk.internal.reflect.DirectMethodHandleAccessor.invoke(DirectMethodHandleAccessor.java:103)\r\n\tat java.base/java.lang.reflect.Method.invoke(Method.java:580)\r\n\tat org.testng.internal.invokers.MethodInvocationHelper.invokeMethod(MethodInvocationHelper.java:141)\r\n\tat org.testng.internal.invokers.MethodInvocationHelper.invokeMethodConsideringTimeout(MethodInvocationHelper.java:71)\r\n\tat org.testng.internal.invokers.ConfigInvoker.invokeConfigurationMethod(ConfigInvoker.java:400)\r\n\tat org.testng.internal.invokers.ConfigInvoker.invokeConfigurations(ConfigInvoker.java:333)\r\n\tat org.testng.internal.invokers.TestMethodWorker.invokeBeforeClassMethods(TestMethodWorker.java:188)\r\n\tat org.testng.internal.invokers.TestMethodWorker.run(TestMethodWorker.java:128)\r\n\tat java.base/java.util.ArrayList.forEach(ArrayList.java:1597)\r\n\tat org.testng.TestRunner.privateRun(TestRunner.java:739)\r\n\tat org.testng.TestRunner.run(TestRunner.java:614)\r\n\tat org.testng.SuiteRunner.runTest(SuiteRunner.java:421)\r\n\tat org.testng.SuiteRunner.runSequentially(SuiteRunner.java:413)\r\n\tat org.testng.SuiteRunner.privateRun(SuiteRunner.java:373)\r\n\tat org.testng.SuiteRunner.run(SuiteRunner.java:312)\r\n\tat org.testng.SuiteRunnerWorker.runSuite(SuiteRunnerWorker.java:52)\r\n\tat org.testng.SuiteRunnerWorker.run(SuiteRunnerWorker.java:95)\r\n\tat org.testng.TestNG.runSuitesSequentially(TestNG.java:1274)\r\n\tat org.testng.TestNG.runSuitesLocally(TestNG.java:1208)\r\n\tat org.testng.TestNG.runSuites(TestNG.java:1112)\r\n\tat org.testng.TestNG.run(TestNG.java:1079)\r\n\tat com.intellij.rt.testng.IDEARemoteTestNG.run(IDEARemoteTestNG.java:65)\r\n\tat com.intellij.rt.testng.RemoteTestNGStarter.main(RemoteTestNGStarter.java:105)\r\nCaused by: java.lang.RuntimeException: Error loading browser properties\r\n\tat Data.BrowserLink.<clinit>(BrowserLink.java:20)\r\n\t... 25 more\r\nCaused by: java.io.IOException: Error loading browser properties from file: src/test/java/DataForTest/Browser.properties\r\n\tat Data.BrowserLink.loadBrowserProperties(BrowserLink.java:36)\r\n\tat Data.BrowserLink.<clinit>(BrowserLink.java:17)\r\n\t... 25 more\r\nCaused by: java.io.FileNotFoundException: src\\test\\java\\DataForTest\\Browser.properties (The system cannot find the path specified)\r\n\tat java.base/java.io.FileInputStream.open0(Native Method)\r\n\tat java.base/java.io.FileInputStream.open(FileInputStream.java:219)\r\n\tat java.base/java.io.FileInputStream.<init>(FileInputStream.java:159)\r\n\tat java.base/java.io.FileInputStream.<init>(FileInputStream.java:112)\r\n\tat Data.BrowserLink.loadBrowserProperties(BrowserLink.java:27)\r\n\t... 26 more\r\n"},"stage":"finished","description":"","steps":[{"name":"Error loading browser properties from file: src/test/java/DataForTest/Browser.properties","status":"passed","stage":"finished","steps":[],"attachments":[],"parameters":[],"start":1736337159938,"stop":1736337159940}],"attachments":[],"parameters":[],"start":1736337159759,"stop":1736337159951}],"afters":[{"name":"quit","status":"broken","stage":"finished","description":"","steps":[],"attachments":[],"parameters":[],"start":1736337160253,"stop":1736337160253}],"start":1736337159724,"stop":1736337160256}