{
  "uuid": "3e32a129-8600-4277-ac16-e2c7a991ea16",
  "historyId": "94d8e5b905548469479bbe3c4c714729",
  "fullName": "TestClass.EndToEndTest.E2ETest.testNavigateToContactUsPageAndSubmitRequest",
  "labels": [
    {
      "name": "package",
      "value": "TestClass.EndToEndTest.E2ETest"
    },
    {
      "name": "testClass",
      "value": "TestClass.EndToEndTest.E2ETest"
    },
    {
      "name": "testMethod",
      "value": "testNavigateToContactUsPageAndSubmitRequest"
    },
    {
      "name": "parentSuite",
      "value": "Default Suite"
    },
    {
      "name": "suite",
      "value": "ProjectSourceLocation.java"
    },
    {
      "name": "subSuite",
      "value": "TestClass.EndToEndTest.E2ETest"
    },
    {
      "name": "host",
      "value": "Mohamed"
    },
    {
      "name": "thread",
      "value": "18980@Mohamed.main(1)"
    },
    {
      "name": "framework",
      "value": "testng"
    },
    {
      "name": "language",
      "value": "java"
    },
    {
      "name": "feature",
      "value": "Contact Us Page"
    },
    {
      "name": "owner",
      "value": "Mohamed Nasser"
    },
    {
      "name": "epic",
      "value": "Automation Exercise"
    },
    {
      "name": "severity",
      "value": "minor"
    }
  ],
  "links": [
    {
      "name": "https://www.automationexercise.com/contact_us",
      "type": "custom"
    }
  ],
  "name": "testNavigateToContactUsPageAndSubmitRequest",
  "status": "broken",
  "statusDetails": {
    "known": false,
    "muted": false,
    "flaky": false,
    "message": "java.lang.ExceptionInInitializerError",
    "trace": "java.lang.ExceptionInInitializerError\r\n\tat Pages.P03_ContactUs.submitContactForm(P03_ContactUs.java:169)\r\n\tat TestClass.EndToEndTest.E2ETest.testNavigateToContactUsPageAndSubmitRequest(E2ETest.java:100)\r\n\tat java.base/jdk.internal.reflect.DirectMethodHandleAccessor.invoke(DirectMethodHandleAccessor.java:103)\r\n\tat java.base/java.lang.reflect.Method.invoke(Method.java:580)\r\n\tat org.testng.internal.invokers.MethodInvocationHelper.invokeMethod(MethodInvocationHelper.java:141)\r\n\tat org.testng.internal.invokers.TestInvoker.invokeMethod(TestInvoker.java:686)\r\n\tat org.testng.internal.invokers.TestInvoker.invokeTestMethod(TestInvoker.java:230)\r\n\tat org.testng.internal.invokers.MethodRunner.runInSequence(MethodRunner.java:63)\r\n\tat org.testng.internal.invokers.TestInvoker$MethodInvocationAgent.invoke(TestInvoker.java:992)\r\n\tat org.testng.internal.invokers.TestInvoker.invokeTestMethods(TestInvoker.java:203)\r\n\tat org.testng.internal.invokers.TestMethodWorker.invokeTestMethods(TestMethodWorker.java:154)\r\n\tat org.testng.internal.invokers.TestMethodWorker.run(TestMethodWorker.java:134)\r\n\tat java.base/java.util.ArrayList.forEach(ArrayList.java:1597)\r\n\tat org.testng.TestRunner.privateRun(TestRunner.java:739)\r\n\tat org.testng.TestRunner.run(TestRunner.java:614)\r\n\tat org.testng.SuiteRunner.runTest(SuiteRunner.java:421)\r\n\tat org.testng.SuiteRunner.runSequentially(SuiteRunner.java:413)\r\n\tat org.testng.SuiteRunner.privateRun(SuiteRunner.java:373)\r\n\tat org.testng.SuiteRunner.run(SuiteRunner.java:312)\r\n\tat org.testng.SuiteRunnerWorker.runSuite(SuiteRunnerWorker.java:52)\r\n\tat org.testng.SuiteRunnerWorker.run(SuiteRunnerWorker.java:95)\r\n\tat org.testng.TestNG.runSuitesSequentially(TestNG.java:1274)\r\n\tat org.testng.TestNG.runSuitesLocally(TestNG.java:1208)\r\n\tat org.testng.TestNG.runSuites(TestNG.java:1112)\r\n\tat org.testng.TestNG.run(TestNG.java:1079)\r\n\tat com.intellij.rt.testng.IDEARemoteTestNG.run(IDEARemoteTestNG.java:65)\r\n\tat com.intellij.rt.testng.RemoteTestNGStarter.main(RemoteTestNGStarter.java:105)\r\nCaused by: java.lang.RuntimeException: Error occurred while reading JSON file: src/test/java/DataForTest/Data.json\r\n\tat Data.JsonDataReader.readJsonFile(JsonDataReader.java:40)\r\n\tat Data.JsonDataReader.getData(JsonDataReader.java:21)\r\n\tat Data.DataClass$PersonalInformation.<clinit>(DataClass.java:7)\r\n\t... 27 more\r\nCaused by: java.io.FileNotFoundException: src\\test\\java\\DataForTest\\Data.json (The system cannot find the path specified)\r\n\tat java.base/java.io.FileInputStream.open0(Native Method)\r\n\tat java.base/java.io.FileInputStream.open(FileInputStream.java:219)\r\n\tat java.base/java.io.FileInputStream.<init>(FileInputStream.java:159)\r\n\tat java.base/java.io.FileInputStream.<init>(FileInputStream.java:112)\r\n\tat java.base/java.io.FileReader.<init>(FileReader.java:60)\r\n\tat Data.JsonDataReader.readJsonFile(JsonDataReader.java:34)\r\n\t... 29 more\r\n"
  },
  "stage": "finished",
  "description": "Verify user can navigate to the contact us page and successfully submit a request...",
  "steps": [
    {
      "name": "Successfully clicked on element: By.xpath: //a[text() = ' Contact us']",
      "status": "passed",
      "stage": "finished",
      "steps": [],
      "attachments": [],
      "parameters": [],
      "start": 1736339937566,
      "stop": 1736339937566
    },
    {
      "name": "Contact Us button clicked successfully.",
      "status": "passed",
      "stage": "finished",
      "steps": [],
      "attachments": [],
      "parameters": [],
      "start": 1736339937567,
      "stop": 1736339937567
    },
    {
      "name": "Retrieved text from element: By.xpath: //h2[text() = 'Get In Touch'] Text: GET IN TOUCH",
      "status": "passed",
      "stage": "finished",
      "steps": [],
      "attachments": [],
      "parameters": [],
      "start": 1736339937631,
      "stop": 1736339937633
    },
    {
      "name": "Contact Us page header retrieved: GET IN TOUCH",
      "status": "passed",
      "stage": "finished",
      "steps": [],
      "attachments": [],
      "parameters": [],
      "start": 1736339937633,
      "stop": 1736339937633
    }
  ],
  "attachments": [],
  "parameters": [],
  "start": 1736339936148,
  "stop": 1736339937637
}
