{
  "uuid": "5a96bba0-6f15-40eb-a6c0-59eaa2e7435b",
  "name": "EndToEndTest.E2ETest",
  "children": [
    "f78a69d4-14b9-486a-9cb2-f4a07b5f6b30",
    "364881bf-dcd8-49dc-b10f-0c62f48589cb",
    "dd22d02c-dd32-463e-bb33-df337690212f",
    "a28dfc7f-24fd-42cb-bb66-87b0f2c3c519",
    "e4ac59c6-7399-4cf1-a67f-5dbe7c69d378",
    "9553b1ea-a9d9-466b-aa7a-c67a317fd651",
    "eac0a2b5-e04b-42c5-a9a5-28c27a8dae1b",
    "b9a2f401-b776-4197-8c21-b5487f252cb7"
  ],
  "befores": [
    {
      "name": "browser",
      "status": "broken",
      "statusDetails": {
        "known": false,
        "muted": false,
        "flaky": false,
        "message": "java.lang.ExceptionInInitializerError",
        "trace": "java.lang.ExceptionInInitializerError\r\n\tat Utilities.Browser.<clinit>(Browser.java:13)\r\n\tat TestBase.Browser.browser(Browser.java:19)\r\n\tat java.base/jdk.internal.reflect.DirectMethodHandleAccessor.invoke(DirectMethodHandleAccessor.java:103)\r\n\tat java.base/java.lang.reflect.Method.invoke(Method.java:580)\r\n\tat org.testng.internal.invokers.MethodInvocationHelper.invokeMethod(MethodInvocationHelper.java:141)\r\n\tat org.testng.internal.invokers.MethodInvocationHelper.invokeMethodConsideringTimeout(MethodInvocationHelper.java:71)\r\n\tat org.testng.internal.invokers.ConfigInvoker.invokeConfigurationMethod(ConfigInvoker.java:400)\r\n\tat org.testng.internal.invokers.ConfigInvoker.invokeConfigurations(ConfigInvoker.java:333)\r\n\tat org.testng.internal.invokers.TestMethodWorker.invokeBeforeClassMethods(TestMethodWorker.java:188)\r\n\tat org.testng.internal.invokers.TestMethodWorker.run(TestMethodWorker.java:128)\r\n\tat java.base/java.util.ArrayList.forEach(ArrayList.java:1597)\r\n\tat org.testng.TestRunner.privateRun(TestRunner.java:739)\r\n\tat org.testng.TestRunner.run(TestRunner.java:614)\r\n\tat org.testng.SuiteRunner.runTest(SuiteRunner.java:421)\r\n\tat org.testng.SuiteRunner.runSequentially(SuiteRunner.java:413)\r\n\tat org.testng.SuiteRunner.privateRun(SuiteRunner.java:373)\r\n\tat org.testng.SuiteRunner.run(SuiteRunner.java:312)\r\n\tat org.testng.SuiteRunnerWorker.runSuite(SuiteRunnerWorker.java:52)\r\n\tat org.testng.SuiteRunnerWorker.run(SuiteRunnerWorker.java:95)\r\n\tat org.testng.TestNG.runSuitesSequentially(TestNG.java:1274)\r\n\tat org.testng.TestNG.runSuitesLocally(TestNG.java:1208)\r\n\tat org.testng.TestNG.runSuites(TestNG.java:1112)\r\n\tat org.testng.TestNG.run(TestNG.java:1079)\r\n\tat com.intellij.rt.testng.IDEARemoteTestNG.run(IDEARemoteTestNG.java:65)\r\n\tat com.intellij.rt.testng.RemoteTestNGStarter.main(RemoteTestNGStarter.java:105)\r\nCaused by: java.lang.RuntimeException: Error loading browser properties\r\n\tat Data.BrowserLink.<clinit>(BrowserLink.java:22)\r\n\t... 25 more\r\nCaused by: java.io.IOException: Error loading browser properties from file: src/test/java/DataForTest/Browser.properties\r\n\tat Data.BrowserLink.loadBrowserProperties(BrowserLink.java:38)\r\n\tat Data.BrowserLink.<clinit>(BrowserLink.java:19)\r\n\t... 25 more\r\nCaused by: java.io.FileNotFoundException: src\\test\\java\\DataForTest\\Browser.properties (The system cannot find the path specified)\r\n\tat java.base/java.io.FileInputStream.open0(Native Method)\r\n\tat java.base/java.io.FileInputStream.open(FileInputStream.java:219)\r\n\tat java.base/java.io.FileInputStream.<init>(FileInputStream.java:159)\r\n\tat java.base/java.io.FileInputStream.<init>(FileInputStream.java:112)\r\n\tat Data.BrowserLink.loadBrowserProperties(BrowserLink.java:29)\r\n\t... 26 more\r\n"
      },
      "stage": "finished",
      "description": "",
      "steps": [
        {
          "name": "Error loading browser properties from file: src/test/java/DataForTest/Browser.properties",
          "status": "passed",
          "stage": "finished",
          "steps": [],
          "attachments": [],
          "parameters": [],
          "start": 1736334563533,
          "stop": 1736334563533
        }
      ],
      "attachments": [],
      "parameters": [],
      "start": 1736334563447,
      "stop": 1736334563540
    }
  ],
  "afters": [
    {
      "name": "quit",
      "status": "broken",
      "stage": "finished",
      "description": "",
      "steps": [],
      "attachments": [],
      "parameters": [],
      "start": 1736334563958,
      "stop": 1736334563959
    }
  ],
  "start": 1736334563414,
  "stop": 1736334563961
}
