{
  "uuid": "8b34bf94-9a59-4f1b-8076-76b420d4ecc8",
  "name": "EndToEndTest.E2ETest",
  "children": [
    "6fd01ba4-7b65-48d8-a4ea-7974e9ced20b",
    "6747e6e7-eacb-4dc7-9c5c-989fb6ca3f6c",
    "8dbfdb87-f0a2-4ad6-8a52-cd758669cc03",
    "7c2717cd-fba3-4376-af48-c8a5aeda67d9",
    "debe34d9-65a5-47fd-b5c0-a611a15bbcf4",
    "3256912d-3d12-4804-b2dc-89ccef8c1a1c",
    "06166bbb-666d-4d2a-81a3-66ca7c914d7e",
    "43e49ad3-e066-47c6-b7e8-0151107b041c"
  ],
  "befores": [
    {
      "name": "browser",
      "status": "broken",
      "statusDetails": {
        "known": false,
        "muted": false,
        "flaky": false,
        "message": "java.lang.ExceptionInInitializerError",
        "trace": "java.lang.ExceptionInInitializerError\r\n\tat Utilities.Browser.<clinit>(Browser.java:13)\r\n\tat TestBase.Browser.browser(Browser.java:19)\r\n\tat java.base/jdk.internal.reflect.DirectMethodHandleAccessor.invoke(DirectMethodHandleAccessor.java:103)\r\n\tat java.base/java.lang.reflect.Method.invoke(Method.java:580)\r\n\tat org.testng.internal.invokers.MethodInvocationHelper.invokeMethod(MethodInvocationHelper.java:141)\r\n\tat org.testng.internal.invokers.MethodInvocationHelper.invokeMethodConsideringTimeout(MethodInvocationHelper.java:71)\r\n\tat org.testng.internal.invokers.ConfigInvoker.invokeConfigurationMethod(ConfigInvoker.java:400)\r\n\tat org.testng.internal.invokers.ConfigInvoker.invokeConfigurations(ConfigInvoker.java:333)\r\n\tat org.testng.internal.invokers.TestMethodWorker.invokeBeforeClassMethods(TestMethodWorker.java:188)\r\n\tat org.testng.internal.invokers.TestMethodWorker.run(TestMethodWorker.java:128)\r\n\tat java.base/java.util.ArrayList.forEach(ArrayList.java:1597)\r\n\tat org.testng.TestRunner.privateRun(TestRunner.java:739)\r\n\tat org.testng.TestRunner.run(TestRunner.java:614)\r\n\tat org.testng.SuiteRunner.runTest(SuiteRunner.java:421)\r\n\tat org.testng.SuiteRunner.runSequentially(SuiteRunner.java:413)\r\n\tat org.testng.SuiteRunner.privateRun(SuiteRunner.java:373)\r\n\tat org.testng.SuiteRunner.run(SuiteRunner.java:312)\r\n\tat org.testng.SuiteRunnerWorker.runSuite(SuiteRunnerWorker.java:52)\r\n\tat org.testng.SuiteRunnerWorker.run(SuiteRunnerWorker.java:95)\r\n\tat org.testng.TestNG.runSuitesSequentially(TestNG.java:1274)\r\n\tat org.testng.TestNG.runSuitesLocally(TestNG.java:1208)\r\n\tat org.testng.TestNG.runSuites(TestNG.java:1112)\r\n\tat org.testng.TestNG.run(TestNG.java:1079)\r\n\tat com.intellij.rt.testng.IDEARemoteTestNG.run(IDEARemoteTestNG.java:65)\r\n\tat com.intellij.rt.testng.RemoteTestNGStarter.main(RemoteTestNGStarter.java:105)\r\nCaused by: java.lang.RuntimeException: Error loading browser properties\r\n\tat Data.BrowserLink.<clinit>(BrowserLink.java:20)\r\n\t... 25 more\r\nCaused by: java.io.IOException: Error loading browser properties from file: src/test/java/DataForTest/Browser.properties\r\n\tat Data.BrowserLink.loadBrowserProperties(BrowserLink.java:36)\r\n\tat Data.BrowserLink.<clinit>(BrowserLink.java:17)\r\n\t... 25 more\r\nCaused by: java.io.FileNotFoundException: src\\test\\java\\DataForTest\\Browser.properties (The system cannot find the path specified)\r\n\tat java.base/java.io.FileInputStream.open0(Native Method)\r\n\tat java.base/java.io.FileInputStream.open(FileInputStream.java:219)\r\n\tat java.base/java.io.FileInputStream.<init>(FileInputStream.java:159)\r\n\tat java.base/java.io.FileInputStream.<init>(FileInputStream.java:112)\r\n\tat Data.BrowserLink.loadBrowserProperties(BrowserLink.java:27)\r\n\t... 26 more\r\n"
      },
      "stage": "finished",
      "description": "",
      "steps": [
        {
          "name": "Error loading browser properties from file: src/test/java/DataForTest/Browser.properties",
          "status": "passed",
          "stage": "finished",
          "steps": [],
          "attachments": [],
          "parameters": [],
          "start": 1736337124720,
          "stop": 1736337124728
        }
      ],
      "attachments": [],
      "parameters": [],
      "start": 1736337124565,
      "stop": 1736337124729
    }
  ],
  "afters": [
    {
      "name": "quit",
      "status": "broken",
      "stage": "finished",
      "description": "",
      "steps": [],
      "attachments": [],
      "parameters": [],
      "start": 1736337125002,
      "stop": 1736337125002
    }
  ],
  "start": 1736337124525,
  "stop": 1736337125010
}
