{"uuid":"e1c6013d-7a37-4146-8aca-ae879c1806ef","historyId":"d0192ee3ea83985463ec1ef88a786ab7","fullName":"TestClass.EndToEndTest.E2ETest.testNavigateToProductsPageAndViewProductDetails","labels":[{"name":"package","value":"TestClass.EndToEndTest.E2ETest"},{"name":"testClass","value":"TestClass.EndToEndTest.E2ETest"},{"name":"testMethod","value":"testNavigateToProductsPageAndViewProductDetails"},{"name":"parentSuite","value":"Default Suite"},{"name":"suite","value":"ProjectSourceLocation.java"},{"name":"subSuite","value":"TestClass.EndToEndTest.E2ETest"},{"name":"host","value":"Mohamed"},{"name":"thread","value":"18980@Mohamed.main(1)"},{"name":"framework","value":"testng"},{"name":"language","value":"java"},{"name":"owner","value":"Mohamed Nasser"},{"name":"feature","value":"Products Page"},{"name":"epic","value":"Automation Exercise"},{"name":"severity","value":"critical"}],"links":[{"name":"https://www.automationexercise.com/products","type":"custom"}],"name":"testNavigateToProductsPageAndViewProductDetails","status":"broken","statusDetails":{"known":false,"muted":false,"flaky":false,"message":"Error occurred while checking if element is displayed: By.xpath: //div[@class = 'product-information']","trace":"java.lang.RuntimeException: Error occurred while checking if element is displayed: By.xpath: //div[@class = 'product-information']\r\n\tat Utilities.Action.isElementDisplayed(Action.java:124)\r\n\tat Pages.P06_ProductDetails.checkVisibilityOfProductInformation(P06_ProductDetails.java:28)\r\n\tat TestClass.EndToEndTest.E2ETest.testNavigateToProductsPageAndViewProductDetails(E2ETest.java:117)\r\n\tat java.base/jdk.internal.reflect.DirectMethodHandleAccessor.invoke(DirectMethodHandleAccessor.java:103)\r\n\tat java.base/java.lang.reflect.Method.invoke(Method.java:580)\r\n\tat org.testng.internal.invokers.MethodInvocationHelper.invokeMethod(MethodInvocationHelper.java:141)\r\n\tat org.testng.internal.invokers.TestInvoker.invokeMethod(TestInvoker.java:686)\r\n\tat org.testng.internal.invokers.TestInvoker.invokeTestMethod(TestInvoker.java:230)\r\n\tat org.testng.internal.invokers.MethodRunner.runInSequence(MethodRunner.java:63)\r\n\tat org.testng.internal.invokers.TestInvoker$MethodInvocationAgent.invoke(TestInvoker.java:992)\r\n\tat org.testng.internal.invokers.TestInvoker.invokeTestMethods(TestInvoker.java:203)\r\n\tat org.testng.internal.invokers.TestMethodWorker.invokeTestMethods(TestMethodWorker.java:154)\r\n\tat org.testng.internal.invokers.TestMethodWorker.run(TestMethodWorker.java:134)\r\n\tat java.base/java.util.ArrayList.forEach(ArrayList.java:1597)\r\n\tat org.testng.TestRunner.privateRun(TestRunner.java:739)\r\n\tat org.testng.TestRunner.run(TestRunner.java:614)\r\n\tat org.testng.SuiteRunner.runTest(SuiteRunner.java:421)\r\n\tat org.testng.SuiteRunner.runSequentially(SuiteRunner.java:413)\r\n\tat org.testng.SuiteRunner.privateRun(SuiteRunner.java:373)\r\n\tat org.testng.SuiteRunner.run(SuiteRunner.java:312)\r\n\tat org.testng.SuiteRunnerWorker.runSuite(SuiteRunnerWorker.java:52)\r\n\tat org.testng.SuiteRunnerWorker.run(SuiteRunnerWorker.java:95)\r\n\tat org.testng.TestNG.runSuitesSequentially(TestNG.java:1274)\r\n\tat org.testng.TestNG.runSuitesLocally(TestNG.java:1208)\r\n\tat org.testng.TestNG.runSuites(TestNG.java:1112)\r\n\tat org.testng.TestNG.run(TestNG.java:1079)\r\n\tat com.intellij.rt.testng.IDEARemoteTestNG.run(IDEARemoteTestNG.java:65)\r\n\tat com.intellij.rt.testng.RemoteTestNGStarter.main(RemoteTestNGStarter.java:105)\r\nCaused by: org.openqa.selenium.TimeoutException: Expected condition failed: waiting for Utilities.Action$$Lambda/0x000001e3c43f7080@29fa6b65 (tried for 30 second(s) with 500 milliseconds interval)\r\n\tat org.openqa.selenium.support.ui.FluentWait.timeoutException(FluentWait.java:265)\r\n\tat org.openqa.selenium.support.ui.FluentWait.until(FluentWait.java:228)\r\n\tat Utilities.Action.isElementDisplayed(Action.java:112)\r\n\t... 27 more\r\nCaused by: org.openqa.selenium.NoSuchElementException: no such element: Unable to locate element: {\"method\":\"xpath\",\"selector\":\"//div[@class = 'product-information']\"}\n  (Session info: chrome=131.0.6778.206)\nFor documentation on this error, please visit: https://www.selenium.dev/documentation/webdriver/troubleshooting/errors#no-such-element-exception\nBuild info: version: '4.27.0', revision: 'd6e718d134'\nSystem info: os.name: 'Windows 11', os.arch: 'amd64', os.version: '10.0', java.version: '23.0.1'\nDriver info: org.openqa.selenium.chrome.ChromeDriver\nCommand: [679e2dddb6961b2c1c82c2e92971e6bb, findElement {value=//div[@class = 'product-information'], using=xpath}]\nCapabilities {acceptInsecureCerts: false, browserName: chrome, browserVersion: 131.0.6778.206, chrome: {chromedriverVersion: 131.0.6778.264 (2d05e315153..., userDataDir: C:\\Users\\Dell\\AppData\\Local...}, fedcm:accounts: true, goog:chromeOptions: {debuggerAddress: localhost:62889}, networkConnectionEnabled: false, pageLoadStrategy: normal, platformName: windows, proxy: Proxy(), se:cdp: ws://localhost:62889/devtoo..., se:cdpVersion: 131.0.6778.206, setWindowRect: true, strictFileInteractability: false, timeouts: {implicit: 0, pageLoad: 300000, script: 30000}, unhandledPromptBehavior: dismiss and notify, webauthn:extension:credBlob: true, webauthn:extension:largeBlob: true, webauthn:extension:minPinLength: true, webauthn:extension:prf: true, webauthn:virtualAuthenticators: true}\nSession ID: 679e2dddb6961b2c1c82c2e92971e6bb\r\n\tat java.base/jdk.internal.reflect.DirectConstructorHandleAccessor.newInstance(DirectConstructorHandleAccessor.java:62)\r\n\tat java.base/java.lang.reflect.Constructor.newInstanceWithCaller(Constructor.java:501)\r\n\tat java.base/java.lang.reflect.Constructor.newInstance(Constructor.java:485)\r\n\tat org.openqa.selenium.remote.ErrorCodec.decode(ErrorCodec.java:167)\r\n\tat org.openqa.selenium.remote.codec.w3c.W3CHttpResponseCodec.decode(W3CHttpResponseCodec.java:138)\r\n\tat org.openqa.selenium.remote.codec.w3c.W3CHttpResponseCodec.decode(W3CHttpResponseCodec.java:50)\r\n\tat org.openqa.selenium.remote.HttpCommandExecutor.execute(HttpCommandExecutor.java:190)\r\n\tat org.openqa.selenium.remote.service.DriverCommandExecutor.invokeExecute(DriverCommandExecutor.java:216)\r\n\tat org.openqa.selenium.remote.service.DriverCommandExecutor.execute(DriverCommandExecutor.java:174)\r\n\tat org.openqa.selenium.remote.RemoteWebDriver.execute(RemoteWebDriver.java:545)\r\n\tat org.openqa.selenium.remote.ElementLocation$ElementFinder$2.findElement(ElementLocation.java:165)\r\n\tat org.openqa.selenium.remote.ElementLocation.findElement(ElementLocation.java:59)\r\n\tat org.openqa.selenium.remote.RemoteWebDriver.findElement(RemoteWebDriver.java:368)\r\n\tat org.openqa.selenium.remote.RemoteWebDriver.findElement(RemoteWebDriver.java:362)\r\n\tat Utilities.Action.lambda$isElementDisplayed$4(Action.java:113)\r\n\tat org.openqa.selenium.support.ui.FluentWait.until(FluentWait.java:203)\r\n\t... 28 more\r\n"},"stage":"finished","description":"Verify user can navigate to the products page and view product details...","steps":[{"name":"Successfully clicked on element: By.xpath: //a[text() = ' Products']","status":"passed","stage":"finished","steps":[],"attachments":[],"parameters":[],"start":1736339942732,"stop":1736339942732},{"name":"Products button clicked successfully.","status":"passed","stage":"finished","steps":[],"attachments":[],"parameters":[],"start":1736339942732,"stop":1736339942732},{"name":"Retrieved text from element: By.xpath: //h2[text() = 'All Products'] Text: ALL PRODUCTS","status":"passed","stage":"finished","steps":[],"attachments":[],"parameters":[],"start":1736339942801,"stop":1736339942801},{"name":"Retrieved text from products page: ALL PRODUCTS","status":"passed","stage":"finished","steps":[],"attachments":[],"parameters":[],"start":1736339942801,"stop":1736339942801},{"name":"Products list is visible with 34 products.","status":"passed","stage":"finished","steps":[],"attachments":[],"parameters":[],"start":1736339942825,"stop":1736339942825},{"name":"Error occurred while checking if element is displayed: By.xpath: //div[@class = 'product-information']","status":"passed","stage":"finished","steps":[],"attachments":[],"parameters":[],"start":1736339972950,"stop":1736339972950},{"name":"Failed to verify product information visibility. Error: Error occurred while checking if element is displayed: By.xpath: //div[@class = 'product-information']","status":"passed","stage":"finished","steps":[],"attachments":[],"parameters":[],"start":1736339972951,"stop":1736339972951}],"attachments":[],"parameters":[],"start":1736339937654,"stop":1736339972954}