{
  "uuid": "e72693da-1f0c-451b-97f6-84d2a0cf5b6a",
  "historyId": "a54f4c15c19a5eb470cc14de61dbf3a7",
  "fullName": "TestClass.Pages_TC.T01_SignUp.testRegisterNewUser",
  "labels": [
    {
      "name": "package",
      "value": "TestClass.Pages_TC.T01_SignUp"
    },
    {
      "name": "testClass",
      "value": "TestClass.Pages_TC.T01_SignUp"
    },
    {
      "name": "testMethod",
      "value": "testRegisterNewUser"
    },
    {
      "name": "parentSuite",
      "value": "Default Suite"
    },
    {
      "name": "suite",
      "value": "testing.xml"
    },
    {
      "name": "subSuite",
      "value": "TestClass.Pages_TC.T01_SignUp"
    },
    {
      "name": "host",
      "value": "Mohamed-Nasser.local"
    },
    {
      "name": "thread",
      "value": "7867@Mohamed-Nasser.local.main(1)"
    },
    {
      "name": "framework",
      "value": "testng"
    },
    {
      "name": "language",
      "value": "java"
    },
    {
      "name": "owner",
      "value": "Mohamed Nasser"
    },
    {
      "name": "feature",
      "value": "Register Page"
    },
    {
      "name": "severity",
      "value": "critical"
    }
  ],
  "links": [
    {
      "name": "https://www.automationexercise.com/signup",
      "type": "custom"
    }
  ],
  "name": "testRegisterNewUser",
  "status": "skipped",
  "statusDetails": {
    "known": false,
    "muted": false,
    "flaky": false,
    "message": "java.lang.ExceptionInInitializerError",
    "trace": "java.lang.ExceptionInInitializerError\n\tat Utilities.BrowserSetUp.BrowserDriverFactory.<init>(BrowserDriverFactory.java:15)\n\tat TestBase.TestBase.initDriver(TestBase.java:26)\n\tat java.base/jdk.internal.reflect.DirectMethodHandleAccessor.invoke(DirectMethodHandleAccessor.java:103)\n\tat java.base/java.lang.reflect.Method.invoke(Method.java:580)\n\tat org.testng.internal.invokers.MethodInvocationHelper.invokeMethod(MethodInvocationHelper.java:141)\n\tat org.testng.internal.invokers.MethodInvocationHelper.invokeMethodConsideringTimeout(MethodInvocationHelper.java:71)\n\tat org.testng.internal.invokers.ConfigInvoker.invokeConfigurationMethod(ConfigInvoker.java:400)\n\tat org.testng.internal.invokers.ConfigInvoker.invokeConfigurations(ConfigInvoker.java:333)\n\tat org.testng.SuiteRunner.privateRun(SuiteRunner.java:358)\n\tat org.testng.SuiteRunner.run(SuiteRunner.java:312)\n\tat org.testng.SuiteRunnerWorker.runSuite(SuiteRunnerWorker.java:52)\n\tat org.testng.SuiteRunnerWorker.run(SuiteRunnerWorker.java:95)\n\tat org.testng.TestNG.runSuitesSequentially(TestNG.java:1274)\n\tat org.testng.TestNG.runSuitesLocally(TestNG.java:1208)\n\tat org.testng.TestNG.runSuites(TestNG.java:1112)\n\tat org.testng.TestNG.run(TestNG.java:1079)\n\tat com.intellij.rt.testng.IDEARemoteTestNG.run(IDEARemoteTestNG.java:65)\n\tat com.intellij.rt.testng.RemoteTestNGStarter.main(RemoteTestNGStarter.java:105)\nCaused by: java.lang.RuntimeException: Failed to load configuration file.\n\tat Utilities.BrowserSetUp.BrowserLinkLoadProperties.loadConfig(BrowserLinkLoadProperties.java:26)\n\tat Utilities.BrowserSetUp.FrameworkConstants.<clinit>(FrameworkConstants.java:15)\n\t... 18 more\nCaused by: java.io.FileNotFoundException: ssrc/test/resources/TestData/browserExecutionConfig.json (No such file or directory)\n\tat java.base/java.io.FileInputStream.open0(Native Method)\n\tat java.base/java.io.FileInputStream.open(FileInputStream.java:219)\n\tat java.base/java.io.FileInputStream.<init>(FileInputStream.java:159)\n\tat com.fasterxml.jackson.core.TokenStreamFactory._fileInputStream(TokenStreamFactory.java:318)\n\tat com.fasterxml.jackson.core.JsonFactory.createParser(JsonFactory.java:1219)\n\tat com.fasterxml.jackson.databind.ObjectMapper.readTree(ObjectMapper.java:3314)\n\tat Utilities.BrowserSetUp.BrowserLinkLoadProperties.loadConfig(BrowserLinkLoadProperties.java:22)\n\t... 19 more\n"
  },
  "stage": "finished",
  "description": "Register With New User",
  "steps": [],
  "attachments": [],
  "parameters": [],
  "start": 1736897342195,
  "stop": 1736897342196
}
